# Logfile created on 2022-03-03 11:11:37 +0800 by logger.rb/56438
E, [2022-03-03T11:11:37.641739 #14542] ERROR -- : 梁山水务城镇数据填报员: 账户cztb203145 密码cz3145
E, [2022-03-03T11:11:37.641777 #14542] ERROR -- : 梁山水务城镇数据审核员: 账户czsh203145 密码cz3145
E, [2022-03-03T11:11:37.944285 #14542] ERROR -- : 邹城水务城镇数据填报员: 账户cztb386150 密码cz6150
E, [2022-03-03T11:11:37.944326 #14542] ERROR -- : 邹城水务城镇数据审核员: 账户czsh386150 密码cz6150
E, [2022-03-03T11:11:38.256476 #14542] ERROR -- : 汶上水务城镇数据填报员: 账户cztb862419 密码cz2419
E, [2022-03-03T11:11:38.256542 #14542] ERROR -- : 汶上水务城镇数据审核员: 账户czsh862419 密码cz2419
E, [2022-03-03T11:11:38.548188 #14542] ERROR -- : 曲阜水务城镇数据填报员: 账户cztb184957 密码cz4957
E, [2022-03-03T11:11:38.548257 #14542] ERROR -- : 曲阜水务城镇数据审核员: 账户czsh184957 密码cz4957
E, [2022-03-03T11:11:38.850696 #14542] ERROR -- : 嘉祥水务城镇数据填报员: 账户cztb990921 密码cz0921
E, [2022-03-03T11:11:38.850779 #14542] ERROR -- : 嘉祥水务城镇数据审核员: 账户czsh990921 密码cz0921
E, [2022-03-03T11:11:39.129400 #14542] ERROR -- : 兖州水务城镇数据填报员: 账户cztb299792 密码cz9792
E, [2022-03-03T11:11:39.129432 #14542] ERROR -- : 兖州水务城镇数据审核员: 账户czsh299792 密码cz9792
E, [2022-03-03T11:11:39.494119 #14542] ERROR -- : 梁山水务农供数据填报员: 账户ngtb674285 密码ng4285
E, [2022-03-03T11:11:39.494160 #14542] ERROR -- : 梁山水务农供数据审核员: 账户ngsh674285 密码ng4285
E, [2022-03-03T11:11:39.872782 #14542] ERROR -- : 邹城水务农供数据填报员: 账户ngtb701056 密码ng1056
E, [2022-03-03T11:11:39.872876 #14542] ERROR -- : 邹城水务农供数据审核员: 账户ngsh701056 密码ng1056
E, [2022-03-03T11:11:40.223976 #14542] ERROR -- : 汶上水务农供数据填报员: 账户ngtb782830 密码ng2830
E, [2022-03-03T11:11:40.224020 #14542] ERROR -- : 汶上水务农供数据审核员: 账户ngsh782830 密码ng2830
E, [2022-03-03T11:11:40.355704 #14542] ERROR -- : 梁山水务管理者: 账户glz870789 密码glz0789
